<?xml version="1.0" encoding="UTF-8"?>
<!-- Generated by org.testng.reporters.JUnitReportReporter -->
<testsuite skipped="0" hostname="Darshan" name="AutomationTest.BrightTalkTest.RunnerTest" tests="2" failures="0" timestamp="2020-07-20T08:49:50 IST" time="90.824" errors="0">
  <testcase name="feature" time="73.512" classname="AutomationTest.BrightTalkTest.RunnerTest"/>
  <testcase name="feature" time="17.312" classname="AutomationTest.BrightTalkTest.RunnerTest"/>
</testsuite> <!-- AutomationTest.BrightTalkTest.RunnerTest -->
